
{
	gl.supports_vertex_array_object: true
	cocos2d.x.version: quick-cocos2d-x 3.3
	gl.vendor: ATI Technologies Inc.
	gl.supports_PVRTC: false
	gl.renderer: AMD Radeon R9 M290 OpenGL Engine
	cocos2d.x.compiled_with_profiler: false
	gl.max_texture_size: 16384
	gl.supports_ETC1: false
	gl.supports_BGRA8888: false
	cocos2d.x.build_type: DEBUG
	gl.supports_discard_framebuffer: false
	gl.supports_NPOT: true
	gl.supports_S3TC: true
	gl.version: 2.1 ATI-1.36.46
	gl.supports_ATITC: false
	gl.max_texture_units: 16
	cocos2d.x.compiled_with_gl_state_cache: true
}


Quick-Cocos2d-x C++ support ready.
------------------------------------------------
LOAD LUA FILE: /Users/longtao/Documents/NiuNiu/client/trunk/NewHall/Lua/src/main.lua
------------------------------------------------
[LUA-print] ===========================================================
[LUA-print]               LOAD QUICK FRAMEWORK
[LUA-print] ===========================================================
[LUA-print] [INFO] 
[LUA-print] [INFO] # DEBUG                        = 0
[LUA-print] [INFO] #
[LUA-print] [INFO] # device.platform              = mac
[LUA-print] [INFO] # device.model                 = unknown
[LUA-print] [INFO] # device.language              = en
[LUA-print] [INFO] # device.writablePath          = /Users/longtao/Documents/NiuNiu/client/trunk/NewHall/Lua/
[LUA-print] [INFO] # device.directorySeparator    = /
[LUA-print] [INFO] # device.pathSeparator         = :
[LUA-print] [INFO] #
libpng warning: iCCP: known incorrect sRGB profile
[LUA-print] [INFO] # CONFIG_SCREEN_AUTOSCALE      = FIXED_HEIGHT
[LUA-print] [INFO] # CONFIG_SCREEN_WIDTH          = 960.00
[LUA-print] [INFO] # CONFIG_SCREEN_HEIGHT         = 640.00
[LUA-print] [INFO] # display.widthInPixels        = 960.00
[LUA-print] [INFO] # display.heightInPixels       = 640.00
[LUA-print] [INFO] # display.contentScaleFactor   = 1.00
[LUA-print] [INFO] # display.width                = 960.00
[LUA-print] [INFO] # display.height               = 640.00
[LUA-print] [INFO] # display.cx                   = 480.00
[LUA-print] [INFO] # display.cy                   = 320.00
[LUA-print] [INFO] # display.left                 = 0.00
[LUA-print] [INFO] # display.right                = 960.00
[LUA-print] [INFO] # display.top                  = 640.00
[LUA-print] [INFO] # display.bottom               = 0.00
[LUA-print] [INFO] # display.c_left               = -480.00
[LUA-print] [INFO] # display.c_right              = 480.00
[LUA-print] [INFO] # display.c_top                = 320.00
[LUA-print] [INFO] # display.c_bottom             = -320.00
[LUA-print] [INFO] #
lua_loadChunksFromZIP() - not found or invalid zip file: /Users/longtao/Documents/NiuNiu/client/trunk/NewHall/Lua/res/launcher.bin
libpng warning: iCCP: known incorrect sRGB profile
lua_loadChunksFromZIP() - not found or invalid zip file: /Users/longtao/Documents/NiuNiu/client/trunk/NewHall/Lua/res/app.bin
lua_loadChunksFromZIP() - not found or invalid zip file: /Users/longtao/Documents/NiuNiu/client/trunk/NewHall/Lua/res/common.bin
[LUA-print] connectServer:	192.168.0.93	2001
Inner height <= scrollview height, it will be force sized!
[LUA-print] [INFO] socket status: SOCKET_TCP_CONNECTED
[LUA-print] ----send--wMainID----	0x000103
[LUA-print] ----receive--wMainID----	0xff0000
[LUA-print] ----receive--wMainID----	0x000100
[LUA-print] ----登陆成功-----
[LUA-print] ----receive--wMainID----	0x000102
[LUA-print] ----receive--wMainID----	0x000300
[LUA-print] ----receive--wMainID----	0x000200
[LUA-print] connectServer:	192.168.0.93	2100
Inner height <= scrollview height, it will be force sized!
[LUA-print] [INFO] socket status: SOCKET_TCP_CONNECTED
[LUA-print] ----send--wMainID----	0x010100
[LUA-print] ----receive--wMainID----	0x010300
[LUA-print] ----receive--wMainID----	0x010102
[LUA-print] ----receive--wMainID----	0x010100
[LUA-print] ----receive--wMainID----	0x010106
[LUA-print] refreshUserInfo	1	2
[LUA-print] ----receive--wMainID----	0x010107
[LUA-print] ----send--wMainID----	0x010202
[LUA-print] ----receive--wMainID----	0x010105
[LUA-print] ----receive--wMainID----	0x010303
[LUA-print] ----receive--wMainID----	0x010301
[LUA-print] ----receive--wMainID----	0x020007
[LUA-print] ----receive--wMainID----	0x010203
[LUA-print] ----receive--wMainID----	0xff0000
[LUA-print] ----receive--wMainID----	0x020005
lua_loadChunksFromZIP() - not found or invalid zip file: /Users/longtao/Documents/NiuNiu/client/trunk/NewHall/Lua/res/fishing/fishing.bin
[LUA-print] ----receive--wMainID----	0x020006
unsupport convert for format 8 to format 2
unsupport convert for format 8 to format 2
unsupport convert for format 8 to format 2
unsupport convert for format 8 to format 2
[LUA-print] initCannon and player	2	3283
[LUA-print] -----NetWorkTestScene:onExit------
[LUA-print] ----receive--wMainID----	0x020003
[LUA-print] ----receive--wMainID----	0x010201
[LUA-print] ----receive--wMainID----	0x020007
[LUA-print] ----receive--wMainID----	0x020002
[LUA-print] ----receive--wMainID----	0x010201
[LUA-print] ----receive--wMainID----	0x010201
[LUA-print] ----receive--wMainID----	0x020007
[LUA-print] ----receive--wMainID----	0x010201
[LUA-print] ----receive--wMainID----	0x010201
[LUA-print] ----receive--wMainID----	0x020007
[LUA-print] ------------未定义的鱼的类型------	29
[LUA-print] ----receive--wMainID----	0xff0000
[LUA-print] ----receive--wMainID----	0x020004
[LUA-print] ----receive--wMainID----	0x020003
